[13:13:29] [Server thread/INFO]: Starting minecraft server version 1.12.2
[13:13:29] [Server thread/INFO]: Loading properties
[13:13:29] [Server thread/INFO]: Default game type: SURVIVAL
[13:13:29] [Server thread/INFO]: This server is running CraftBukkit version git-Spigot-dcd1643-e60fc34 (MC: 1.12.2) (Implementing API version 1.12.2-R0.1-SNAPSHOT)
[13:13:29] [Server thread/INFO]: Debug logging is disabled
[13:13:29] [Server thread/INFO]: Using 4 threads for Netty based IO
[13:13:29] [Server thread/INFO]: Server Ping Player Sample Count: 12
[13:13:29] [Server thread/INFO]: Generating keypair
[13:13:30] [Server thread/INFO]: Starting Minecraft server on *:25113
[13:13:30] [Server thread/INFO]: Using default channel type
[13:13:30] [Server thread/INFO]: Set PluginClassLoader as parallel capable
[13:13:30] [Server thread/INFO]: [ViaVersion] Loading ViaVersion v4.0.0
[13:13:30] [Server thread/INFO]: [ViaVersion] ViaVersion 4.0.0 is now loaded, injecting!
[13:13:30] [Via-Mappingloader-0/INFO]: [ViaVersion] Loading 1.12 -> 1.13 mappings...
[13:13:30] [Via-Mappingloader-1/INFO]: [ViaVersion] Loading 1.13 -> 1.13.2 mappings...
[13:13:30] [Via-Mappingloader-2/INFO]: [ViaVersion] Loading 1.13.2 -> 1.14 mappings...
[13:13:30] [Via-Mappingloader-3/INFO]: [ViaVersion] Loading 1.14 -> 1.15 mappings...
[13:13:30] [Via-Mappingloader-4/INFO]: [ViaVersion] Loading 1.15 -> 1.16 mappings...
[13:13:30] [Via-Mappingloader-0/INFO]: [ViaVersion] Loading block connection mappings ...
[13:13:30] [Via-Mappingloader-1/INFO]: [ViaVersion] Loading 1.16 -> 1.16.2 mappings...
[13:13:30] [Via-Mappingloader-2/INFO]: [ViaVersion] Loading 1.16.2 -> 1.17 mappings...
[13:13:30] [Server thread/INFO]: [LuckPerms] Loading LuckPerms v5.3.48
[13:13:31] [Server thread/INFO]: [LuckPerms] Enabling LuckPerms v5.3.48
[13:13:31] [Server thread/INFO]: [0;36;1m       [0;36;22m __    [m
[13:13:31] [Server thread/INFO]: [0;36;1m  |    [0;36;22m|__)   [0;32;22mLuckPerms[m [0;36;1mv5.3.48[m
[13:13:31] [Server thread/INFO]: [0;36;1m  |___ [0;36;22m|      [0;30;1mRunning on Bukkit - CraftBukkit[m
[13:13:31] [Server thread/INFO]: [m
[13:13:31] [Server thread/INFO]: [LuckPerms] Loading configuration...
[13:13:31] [Server thread/INFO]: [LuckPerms] Loading storage provider... [MYSQL]
[13:13:31] [Server thread/WARN]: [Server thread] INFO me.lucko.luckperms.lib.hikari.HikariDataSource - luckperms-hikari - Starting...
[13:13:31] [Server thread/WARN]: [Server thread] INFO me.lucko.luckperms.lib.hikari.HikariDataSource - luckperms-hikari - Start completed.
[13:13:31] [Server thread/INFO]: [LuckPerms] Loading messaging service... [SQL]
[13:13:32] [Server thread/INFO]: [LuckPerms] Loading internal permission managers...
[13:13:32] [Server thread/INFO]: [LuckPerms] Performing initial data load...
[13:13:32] [Server thread/INFO]: [LuckPerms] Successfully enabled. (took 1106ms)
[13:13:32] [Server thread/WARN]: **** SERVER IS RUNNING IN OFFLINE/INSECURE MODE!
[13:13:32] [Server thread/WARN]: The server will make no attempt to authenticate usernames. Beware.
[13:13:32] [Server thread/WARN]: Whilst this makes it possible to use BungeeCord, unless access to your server is properly restricted, it also opens up the ability for hackers to connect with any username they choose.
[13:13:32] [Server thread/WARN]: Please see http://www.spigotmc.org/wiki/firewall-guide/ for further information.
[13:13:32] [Server thread/WARN]: To change this, set "online-mode" to "true" in the server.properties file.
[13:13:32] [Server thread/INFO]: **** Beginning UUID conversion, this may take A LONG time ****
[13:13:32] [Server thread/INFO]: Preparing level "world"
[13:13:32] [Server thread/INFO]: -------- World Settings For [world] --------
[13:13:32] [Server thread/INFO]: Experience Merge Radius: 3.0
[13:13:32] [Server thread/INFO]: Zombie Aggressive Towards Villager: true
[13:13:32] [Server thread/INFO]: Item Despawn Rate: 6000
[13:13:32] [Server thread/INFO]: Item Merge Radius: 2.5
[13:13:32] [Server thread/INFO]: Allow Zombie Pigmen to spawn from portal blocks: true
[13:13:32] [Server thread/INFO]: Arrow Despawn Rate: 1200
[13:13:32] [Server thread/INFO]: View Distance: 10
[13:13:32] [Server thread/INFO]: Nerfing mobs spawned from spawners: false
[13:13:32] [Server thread/INFO]: Hopper Transfer: 8 Hopper Check: 1 Hopper Amount: 1
[13:13:32] [Server thread/INFO]: Cactus Growth Modifier: 100%
[13:13:32] [Server thread/INFO]: Cane Growth Modifier: 100%
[13:13:32] [Server thread/INFO]: Melon Growth Modifier: 100%
[13:13:32] [Server thread/INFO]: Mushroom Growth Modifier: 100%
[13:13:32] [Server thread/INFO]: Pumpkin Growth Modifier: 100%
[13:13:32] [Server thread/INFO]: Sapling Growth Modifier: 100%
[13:13:32] [Server thread/INFO]: Wheat Growth Modifier: 100%
[13:13:32] [Server thread/INFO]: NetherWart Growth Modifier: 100%
[13:13:32] [Server thread/INFO]: Vine Growth Modifier: 100%
[13:13:32] [Server thread/INFO]: Cocoa Growth Modifier: 100%
[13:13:32] [Server thread/INFO]: Entity Activation Range: An 32 / Mo 32 / Mi 16 / Tiv true
[13:13:32] [Server thread/INFO]: Mob Spawn Range: 4
[13:13:32] [Server thread/INFO]: Random Lighting Updates: false
[13:13:32] [Server thread/INFO]: Entity Tracking Range: Pl 48 / An 48 / Mo 48 / Mi 32 / Other 64
[13:13:32] [Server thread/INFO]: Structure Info Saving: true
[13:13:32] [Server thread/INFO]: Max TNT Explosions: 100
[13:13:32] [Server thread/INFO]: Tile Max Tick Time: 50ms Entity max Tick Time: 50ms
[13:13:32] [Server thread/INFO]: Custom Map Seeds:  Village: 10387312 Feature: 14357617 Monument: 10387313 Slime: 987234911
[13:13:32] [Server thread/INFO]: -------- World Settings For [world_nether] --------
[13:13:32] [Server thread/INFO]: Experience Merge Radius: 3.0
[13:13:32] [Server thread/INFO]: Zombie Aggressive Towards Villager: true
[13:13:32] [Server thread/INFO]: Item Despawn Rate: 6000
[13:13:32] [Server thread/INFO]: Item Merge Radius: 2.5
[13:13:32] [Server thread/INFO]: Allow Zombie Pigmen to spawn from portal blocks: true
[13:13:32] [Server thread/INFO]: Arrow Despawn Rate: 1200
[13:13:32] [Server thread/INFO]: View Distance: 10
[13:13:32] [Server thread/INFO]: Nerfing mobs spawned from spawners: false
[13:13:32] [Server thread/INFO]: Hopper Transfer: 8 Hopper Check: 1 Hopper Amount: 1
[13:13:32] [Server thread/INFO]: Cactus Growth Modifier: 100%
[13:13:32] [Server thread/INFO]: Cane Growth Modifier: 100%
[13:13:32] [Server thread/INFO]: Melon Growth Modifier: 100%
[13:13:32] [Server thread/INFO]: Mushroom Growth Modifier: 100%
[13:13:32] [Server thread/INFO]: Pumpkin Growth Modifier: 100%
[13:13:32] [Server thread/INFO]: Sapling Growth Modifier: 100%
[13:13:32] [Server thread/INFO]: Wheat Growth Modifier: 100%
[13:13:32] [Server thread/INFO]: NetherWart Growth Modifier: 100%
[13:13:32] [Server thread/INFO]: Vine Growth Modifier: 100%
[13:13:32] [Server thread/INFO]: Cocoa Growth Modifier: 100%
[13:13:32] [Server thread/INFO]: Entity Activation Range: An 32 / Mo 32 / Mi 16 / Tiv true
[13:13:32] [Server thread/INFO]: Mob Spawn Range: 4
[13:13:32] [Server thread/INFO]: Random Lighting Updates: false
[13:13:32] [Server thread/INFO]: Entity Tracking Range: Pl 48 / An 48 / Mo 48 / Mi 32 / Other 64
[13:13:32] [Server thread/INFO]: Structure Info Saving: true
[13:13:32] [Server thread/INFO]: Max TNT Explosions: 100
[13:13:32] [Server thread/INFO]: Tile Max Tick Time: 50ms Entity max Tick Time: 50ms
[13:13:32] [Server thread/INFO]: Custom Map Seeds:  Village: 10387312 Feature: 14357617 Monument: 10387313 Slime: 987234911
[13:13:32] [Server thread/INFO]: -------- World Settings For [world_the_end] --------
[13:13:32] [Server thread/INFO]: Experience Merge Radius: 3.0
[13:13:32] [Server thread/INFO]: Zombie Aggressive Towards Villager: true
[13:13:32] [Server thread/INFO]: Item Despawn Rate: 6000
[13:13:32] [Server thread/INFO]: Item Merge Radius: 2.5
[13:13:32] [Server thread/INFO]: Allow Zombie Pigmen to spawn from portal blocks: true
[13:13:32] [Server thread/INFO]: Arrow Despawn Rate: 1200
[13:13:32] [Server thread/INFO]: View Distance: 10
[13:13:32] [Server thread/INFO]: Nerfing mobs spawned from spawners: false
[13:13:32] [Server thread/INFO]: Hopper Transfer: 8 Hopper Check: 1 Hopper Amount: 1
[13:13:32] [Server thread/INFO]: Cactus Growth Modifier: 100%
[13:13:32] [Server thread/INFO]: Cane Growth Modifier: 100%
[13:13:32] [Server thread/INFO]: Melon Growth Modifier: 100%
[13:13:32] [Server thread/INFO]: Mushroom Growth Modifier: 100%
[13:13:32] [Server thread/INFO]: Pumpkin Growth Modifier: 100%
[13:13:32] [Server thread/INFO]: Sapling Growth Modifier: 100%
[13:13:32] [Server thread/INFO]: Wheat Growth Modifier: 100%
[13:13:32] [Server thread/INFO]: NetherWart Growth Modifier: 100%
[13:13:32] [Server thread/INFO]: Vine Growth Modifier: 100%
[13:13:32] [Server thread/INFO]: Cocoa Growth Modifier: 100%
[13:13:32] [Server thread/INFO]: Entity Activation Range: An 32 / Mo 32 / Mi 16 / Tiv true
[13:13:32] [Server thread/INFO]: Mob Spawn Range: 4
[13:13:32] [Server thread/INFO]: Random Lighting Updates: false
[13:13:32] [Server thread/INFO]: Entity Tracking Range: Pl 48 / An 48 / Mo 48 / Mi 32 / Other 64
[13:13:32] [Server thread/INFO]: Structure Info Saving: true
[13:13:32] [Server thread/INFO]: Max TNT Explosions: 100
[13:13:32] [Server thread/INFO]: Tile Max Tick Time: 50ms Entity max Tick Time: 50ms
[13:13:32] [Server thread/INFO]: Custom Map Seeds:  Village: 10387312 Feature: 14357617 Monument: 10387313 Slime: 987234911
[13:13:32] [Server thread/INFO]: Preparing start region for level 0 (Seed: -8251094851941703045)
[13:13:33] [Server thread/INFO]: Preparing spawn area: 54%
[13:13:34] [Server thread/INFO]: Preparing start region for level 1 (Seed: -8251094851941703045)
[13:13:35] [Server thread/INFO]: Preparing spawn area: 55%
[13:13:35] [Server thread/INFO]: Preparing start region for level 2 (Seed: -8251094851941703045)
[13:13:36] [Server thread/INFO]: [ViaVersion] Enabling ViaVersion v4.0.0
[13:13:36] [Server thread/INFO]: Server permissions file permissions.yml is empty, ignoring it
[13:13:36] [Server thread/INFO]: Done (4,269s)! For help, type "help" or "?"
[13:13:36] [Server thread/INFO]: [ViaVersion] ViaVersion detected server version: 1.12.2 (340)
[13:13:36] [Server thread/WARN]: [ViaVersion] This version of Minecraft is extremely outdated and support for it has reached its end of life. You will still be able to run Via on this Minecraft version, but we are unlikely to provide any further fixes or help with problems specific to legacy Minecraft versions. Please consider updating to give your players a better experience and to avoid issues that have long been fixed.
[13:13:36] [Server thread/WARN]: [ViaVersion] You are running an outdated Java version, please consider updating it to at least Java 16 (your version is 1.8.0_291). At some point in the future, ViaVersion will no longer be compatible with this version of Java.
[13:13:36] [Server thread/INFO]: [ViaVersion] Finished mapping loading, shutting down loader executor!
[13:13:37] [Server thread/WARN]: [ViaVersion] There is a newer plugin version available: 4.0.1, you're on: 4.0.0
