[18:34:34] [Server thread/INFO]: Starting minecraft server version 1.12.2
[18:34:34] [Server thread/WARN]: To start the server with more ram, launch it as "java -Xmx1024M -Xms1024M -jar minecraft_server.jar"
[18:34:34] [Server thread/INFO]: Loading properties
[18:34:34] [Server thread/INFO]: Default game type: SURVIVAL
[18:34:34] [Server thread/INFO]: This server is running Paper version git-Paper-1618 (MC: 1.12.2) (Implementing API version 1.12.2-R0.1-SNAPSHOT)
[18:34:34] [Server thread/INFO]: Debug logging is disabled
[18:34:34] [Server thread/INFO]: Server Ping Player Sample Count: 12
[18:34:34] [Server thread/INFO]: Using 4 threads for Netty based IO
[18:34:34] [Server thread/INFO]: Generating keypair
[18:34:34] [Server thread/INFO]: Starting Minecraft server on *:25113
[18:34:34] [Server thread/INFO]: Using default channel type
[18:34:34] [Server thread/INFO]: Set PluginClassLoader as parallel capable
[18:34:34] [Server thread/INFO]: [AuthMe] Loading AuthMe v5.3.2-b1726
[18:34:34] [Server thread/INFO]: [ViaVersion] Loading ViaVersion v4.0.0
[18:34:34] [Server thread/INFO]: [ViaVersion] ViaVersion 4.0.0 is now loaded, injecting!
[18:34:35] [Via-Mappingloader-0/INFO]: [ViaVersion] Loading 1.12 -> 1.13 mappings...
[18:34:35] [Via-Mappingloader-1/INFO]: [ViaVersion] Loading 1.13 -> 1.13.2 mappings...
[18:34:35] [Via-Mappingloader-2/INFO]: [ViaVersion] Loading 1.13.2 -> 1.14 mappings...
[18:34:35] [Via-Mappingloader-3/INFO]: [ViaVersion] Loading 1.14 -> 1.15 mappings...
[18:34:35] [Via-Mappingloader-4/INFO]: [ViaVersion] Loading 1.15 -> 1.16 mappings...
[18:34:35] [Via-Mappingloader-0/INFO]: [ViaVersion] Loading block connection mappings ...
[18:34:35] [Via-Mappingloader-1/INFO]: [ViaVersion] Loading 1.16 -> 1.16.2 mappings...
[18:34:35] [Via-Mappingloader-3/INFO]: [ViaVersion] Loading 1.16.2 -> 1.17 mappings...
[18:34:35] [Server thread/INFO]: [LuckPerms] Loading LuckPerms v5.3.48
[18:34:35] [Server thread/INFO]: Server permissions file permissions.yml is empty, ignoring it
[18:34:35] [Server thread/INFO]: [LuckPerms] Enabling LuckPerms v5.3.48
[18:34:35] [Server thread/INFO]:         __    
[18:34:35] [Server thread/INFO]:   |    |__)   LuckPerms v5.3.48
[18:34:35] [Server thread/INFO]:   |___ |      Running on Bukkit - Paper
[18:34:35] [Server thread/INFO]: 
[18:34:35] [Server thread/INFO]: [LuckPerms] Loading configuration...
[18:34:35] [Server thread/INFO]: [LuckPerms] Loading storage provider... [MYSQL]
[18:34:35] [Server thread/INFO]: [me.lucko.luckperms.lib.hikari.HikariDataSource] luckperms-hikari - Starting...
[18:34:35] [Server thread/INFO]: [me.lucko.luckperms.lib.hikari.HikariDataSource] luckperms-hikari - Start completed.
[18:34:35] [Server thread/INFO]: [LuckPerms] Loading messaging service... [SQL]
[18:34:36] [Server thread/INFO]: [LuckPerms] Loading internal permission managers...
[18:34:36] [Server thread/INFO]: [LuckPerms] Performing initial data load...
[18:34:36] [Server thread/INFO]: [LuckPerms] Successfully enabled. (took 849ms)
[18:34:36] [Server thread/WARN]: **** SERVER IS RUNNING IN OFFLINE/INSECURE MODE!
[18:34:36] [Server thread/WARN]: The server will make no attempt to authenticate usernames. Beware.
[18:34:36] [Server thread/WARN]: Whilst this makes it possible to use BungeeCord, unless access to your server is properly restricted, it also opens up the ability for hackers to connect with any username they choose.
[18:34:36] [Server thread/WARN]: Please see http://www.spigotmc.org/wiki/firewall-guide/ for further information.
[18:34:36] [Server thread/WARN]: To change this, set "online-mode" to "true" in the server.properties file.
[18:34:36] [Server thread/INFO]: **** Beginning UUID conversion, this may take A LONG time ****
[18:34:36] [Server thread/INFO]: Preparing level "world"
[18:34:36] [Server thread/INFO]: -------- World Settings For [world] --------
[18:34:36] [Server thread/INFO]: Item Merge Radius: 2.5
[18:34:36] [Server thread/INFO]: Item Despawn Rate: 6000
[18:34:36] [Server thread/INFO]: View Distance: 10
[18:34:36] [Server thread/INFO]: Allow Zombie Pigmen to spawn from portal blocks: true
[18:34:36] [Server thread/INFO]: Arrow Despawn Rate: 1200
[18:34:36] [Server thread/INFO]: Experience Merge Radius: 3.0
[18:34:36] [Server thread/INFO]: Zombie Aggressive Towards Villager: true
[18:34:36] [Server thread/INFO]: Nerfing mobs spawned from spawners: false
[18:34:36] [Server thread/INFO]: Hopper Transfer: 8 Hopper Check: 1 Hopper Amount: 1
[18:34:36] [Server thread/INFO]: Entity Activation Range: An 32 / Mo 32 / Mi 16 / Tiv true
[18:34:36] [Server thread/INFO]: Mob Spawn Range: 4
[18:34:36] [Server thread/INFO]: Cactus Growth Modifier: 100%
[18:34:36] [Server thread/INFO]: Cane Growth Modifier: 100%
[18:34:36] [Server thread/INFO]: Melon Growth Modifier: 100%
[18:34:36] [Server thread/INFO]: Mushroom Growth Modifier: 100%
[18:34:36] [Server thread/INFO]: Pumpkin Growth Modifier: 100%
[18:34:36] [Server thread/INFO]: Sapling Growth Modifier: 100%
[18:34:36] [Server thread/INFO]: Wheat Growth Modifier: 100%
[18:34:36] [Server thread/INFO]: NetherWart Growth Modifier: 100%
[18:34:36] [Server thread/INFO]: Vine Growth Modifier: 100%
[18:34:36] [Server thread/INFO]: Cocoa Growth Modifier: 100%
[18:34:36] [Server thread/INFO]: Entity Tracking Range: Pl 48 / An 48 / Mo 48 / Mi 32 / Other 64
[18:34:36] [Server thread/INFO]: Structure Info Saving: true
[18:34:36] [Server thread/INFO]: Random Lighting Updates: false
[18:34:36] [Server thread/INFO]: Tile Max Tick Time: 50ms Entity max Tick Time: 50ms
[18:34:36] [Server thread/INFO]: Max TNT Explosions: 100
[18:34:36] [Server thread/INFO]: Custom Map Seeds:  Village: 10387312 Feature: 14357617 Monument: 10387313 Slime: 987234911
[18:34:36] [Server thread/INFO]: -------- World Settings For [world_nether] --------
[18:34:36] [Server thread/INFO]: Item Merge Radius: 2.5
[18:34:36] [Server thread/INFO]: Item Despawn Rate: 6000
[18:34:36] [Server thread/INFO]: View Distance: 10
[18:34:36] [Server thread/INFO]: Allow Zombie Pigmen to spawn from portal blocks: true
[18:34:36] [Server thread/INFO]: Arrow Despawn Rate: 1200
[18:34:36] [Server thread/INFO]: Experience Merge Radius: 3.0
[18:34:36] [Server thread/INFO]: Zombie Aggressive Towards Villager: true
[18:34:36] [Server thread/INFO]: Nerfing mobs spawned from spawners: false
[18:34:36] [Server thread/INFO]: Hopper Transfer: 8 Hopper Check: 1 Hopper Amount: 1
[18:34:36] [Server thread/INFO]: Entity Activation Range: An 32 / Mo 32 / Mi 16 / Tiv true
[18:34:36] [Server thread/INFO]: Mob Spawn Range: 4
[18:34:36] [Server thread/INFO]: Cactus Growth Modifier: 100%
[18:34:36] [Server thread/INFO]: Cane Growth Modifier: 100%
[18:34:36] [Server thread/INFO]: Melon Growth Modifier: 100%
[18:34:36] [Server thread/INFO]: Mushroom Growth Modifier: 100%
[18:34:36] [Server thread/INFO]: Pumpkin Growth Modifier: 100%
[18:34:36] [Server thread/INFO]: Sapling Growth Modifier: 100%
[18:34:36] [Server thread/INFO]: Wheat Growth Modifier: 100%
[18:34:36] [Server thread/INFO]: NetherWart Growth Modifier: 100%
[18:34:36] [Server thread/INFO]: Vine Growth Modifier: 100%
[18:34:36] [Server thread/INFO]: Cocoa Growth Modifier: 100%
[18:34:36] [Server thread/INFO]: Entity Tracking Range: Pl 48 / An 48 / Mo 48 / Mi 32 / Other 64
[18:34:36] [Server thread/INFO]: Structure Info Saving: true
[18:34:36] [Server thread/INFO]: Random Lighting Updates: false
[18:34:36] [Server thread/INFO]: Tile Max Tick Time: 50ms Entity max Tick Time: 50ms
[18:34:36] [Server thread/INFO]: Max TNT Explosions: 100
[18:34:36] [Server thread/INFO]: Custom Map Seeds:  Village: 10387312 Feature: 14357617 Monument: 10387313 Slime: 987234911
[18:34:36] [Server thread/INFO]: -------- World Settings For [world_the_end] --------
[18:34:36] [Server thread/INFO]: Item Merge Radius: 2.5
[18:34:36] [Server thread/INFO]: Item Despawn Rate: 6000
[18:34:36] [Server thread/INFO]: View Distance: 10
[18:34:36] [Server thread/INFO]: Allow Zombie Pigmen to spawn from portal blocks: true
[18:34:36] [Server thread/INFO]: Arrow Despawn Rate: 1200
[18:34:36] [Server thread/INFO]: Experience Merge Radius: 3.0
[18:34:36] [Server thread/INFO]: Zombie Aggressive Towards Villager: true
[18:34:36] [Server thread/INFO]: Nerfing mobs spawned from spawners: false
[18:34:36] [Server thread/INFO]: Hopper Transfer: 8 Hopper Check: 1 Hopper Amount: 1
[18:34:36] [Server thread/INFO]: Entity Activation Range: An 32 / Mo 32 / Mi 16 / Tiv true
[18:34:36] [Server thread/INFO]: Mob Spawn Range: 4
[18:34:36] [Server thread/INFO]: Cactus Growth Modifier: 100%
[18:34:36] [Server thread/INFO]: Cane Growth Modifier: 100%
[18:34:36] [Server thread/INFO]: Melon Growth Modifier: 100%
[18:34:36] [Server thread/INFO]: Mushroom Growth Modifier: 100%
[18:34:36] [Server thread/INFO]: Pumpkin Growth Modifier: 100%
[18:34:36] [Server thread/INFO]: Sapling Growth Modifier: 100%
[18:34:36] [Server thread/INFO]: Wheat Growth Modifier: 100%
[18:34:36] [Server thread/INFO]: NetherWart Growth Modifier: 100%
[18:34:36] [Server thread/INFO]: Vine Growth Modifier: 100%
[18:34:36] [Server thread/INFO]: Cocoa Growth Modifier: 100%
[18:34:36] [Server thread/INFO]: Entity Tracking Range: Pl 48 / An 48 / Mo 48 / Mi 32 / Other 64
[18:34:36] [Server thread/INFO]: Structure Info Saving: true
[18:34:36] [Server thread/INFO]: Random Lighting Updates: false
[18:34:36] [Server thread/INFO]: Tile Max Tick Time: 50ms Entity max Tick Time: 50ms
[18:34:36] [Server thread/INFO]: Max TNT Explosions: 100
[18:34:36] [Server thread/INFO]: Custom Map Seeds:  Village: 10387312 Feature: 14357617 Monument: 10387313 Slime: 987234911
[18:34:36] [Server thread/INFO]: Preparing start region for level 0 (Seed: 3595240234027401498)
[18:34:36] [Server thread/INFO]: Preparing start region for level 1 (Seed: 3595240234027401498)
[18:34:37] [Server thread/INFO]: Preparing start region for level 2 (Seed: 3595240234027401498)
[18:34:37] [Server thread/INFO]: [AuthMe] Enabling AuthMe v5.3.2-b1726
[18:34:37] [Server thread/INFO]: [AuthMe] SQLite driver loaded
[18:34:37] [Server thread/INFO]: [AuthMe] SQLite Setup finished
[18:34:37] [Server thread/INFO]: [AuthMe] No supported permissions system found! Permissions are disabled!
[18:34:37] [Server thread/WARN]: [AuthMe] WARNING! The protectInventory feature requires ProtocolLib! Disabling it...
[18:34:37] [Thread-6/WARN]: [AuthMe] Could not download GeoLiteAPI database [UnknownHostException]: geolite.maxmind.com
[18:34:37] [Server thread/INFO]: [AuthMe] Development builds are available on our jenkins, thanks to f14stelt.
[18:34:37] [Server thread/INFO]: [AuthMe] Do you want a good game server? Look at our sponsor GameHosting.it leader in Italy as Game Server Provider!
[18:34:37] [Server thread/INFO]: [AuthMe] AuthMe 5.3.2 build n.1726 correctly enabled!
[18:34:37] [Server thread/INFO]: [ViaVersion] Enabling ViaVersion v4.0.0
[18:34:37] [Server thread/INFO]: Done (1,465s)! For help, type "help" or "?"
[18:34:37] [Server thread/INFO]: Timings Reset
[18:34:37] [Server thread/INFO]: [ViaVersion] ViaVersion detected server version: 1.12.2 (340)
[18:34:37] [Server thread/WARN]: [ViaVersion] This version of Minecraft is extremely outdated and support for it has reached its end of life. You will still be able to run Via on this Minecraft version, but we are unlikely to provide any further fixes or help with problems specific to legacy Minecraft versions. Please consider updating to give your players a better experience and to avoid issues that have long been fixed.
[18:34:37] [Server thread/WARN]: [ViaVersion] You are running an outdated Java version, please consider updating it to at least Java 16 (your version is 1.8.0_291). At some point in the future, ViaVersion will no longer be compatible with this version of Java.
[18:34:37] [Server thread/INFO]: [ViaVersion] Finished mapping loading, shutting down loader executor!
[18:34:37] [Server thread/WARN]: [ViaVersion] There is a newer plugin version available: 4.0.1, you're on: 4.0.0
[18:36:49] [Netty Server IO #1/INFO]: [ViaVersion] Using FastUtil Long2ObjectOpenHashMap for block connections
[18:36:49] [User Authenticator #1/INFO]: UUID of player ivan777_rus is f1f1e7ac-c50e-3ae0-8c0e-a54c00e871cc
[18:36:49] [Server thread/INFO]: ivan777_rus[/25.42.83.188:51143] logged in with entity id 11 at ([world]4.170760678824281, 5.0625, 11.408651458080048)
[18:36:50] [Netty Server IO #1/WARN]: [ViaVersion] Ignoring incoming plugin channel register of 'fabric-screen-handler-api-v1:open_screen', as it is longer than 32 characters
[18:36:57] [Craft Scheduler Thread - 7/INFO]: [AuthMe] The user ivan777_rus has 5 accounts:
[18:36:57] [Craft Scheduler Thread - 7/INFO]: [AuthMe] ivan777_rus, qwerty, qwerty123, ivan777_rus22, test228.
[18:36:57] [Craft Scheduler Thread - 7/INFO]: [AuthMe] ivan777_rus logged in!
[18:36:59] [Server thread/INFO]: ivan777_rus lost connection: Disconnected
[18:36:59] [Server thread/INFO]: ivan777_rus left the game
