[14:44:31] [main/INFO]: Environment: authHost='https://authserver.mojang.com', accountsHost='https://api.mojang.com', sessionHost='https://sessionserver.mojang.com', servicesHost='https://api.minecraftservices.com', name='PROD'
[14:44:31] [main/INFO]: Reloading ResourceManager: Default, bukkit
[14:44:32] [Worker-Main-12/INFO]: Loaded 7 recipes
[14:44:34] [Server thread/INFO]: Starting minecraft server version 1.16.4
[14:44:34] [Server thread/INFO]: Loading properties
[14:44:35] [Server thread/INFO]: This server is running CraftBukkit version git-Spigot-a93cbb1-7a6c3c9 (MC: 1.16.4) (Implementing API version 1.16.4-R0.1-SNAPSHOT)
[14:44:35] [Server thread/INFO]: Debug logging is disabled
[14:44:35] [Server thread/INFO]: Server Ping Player Sample Count: 12
[14:44:35] [Server thread/INFO]: Using 4 threads for Netty based IO
[14:44:35] [Server thread/INFO]: Default game type: SURVIVAL
[14:44:35] [Server thread/INFO]: Generating keypair
[14:44:35] [Server thread/INFO]: Starting Minecraft server on *:25112
[14:44:35] [Server thread/INFO]: Using default channel type
[14:44:37] [Server thread/INFO]: [LuckPerms] Loading LuckPerms v5.3.48
[14:44:37] [Server thread/INFO]: [LuckPerms] Enabling LuckPerms v5.3.48
[14:44:38] [Server thread/INFO]: [0;36;1m       [0;36;22m __    [m
[14:44:38] [Server thread/INFO]: [0;36;1m  |    [0;36;22m|__)   [0;32;22mLuckPerms[m [0;36;1mv5.3.48[m
[14:44:38] [Server thread/INFO]: [0;36;1m  |___ [0;36;22m|      [0;30;1mRunning on Bukkit - CraftBukkit[m
[14:44:38] [Server thread/INFO]: [m
[14:44:38] [Server thread/INFO]: [LuckPerms] Loading configuration...
[14:44:38] [Server thread/INFO]: [LuckPerms] Loading storage provider... [MYSQL]
[14:44:38] [Server thread/WARN]: [Server thread] INFO me.lucko.luckperms.lib.hikari.HikariDataSource - luckperms-hikari - Starting...
[14:44:38] [Server thread/WARN]: [Server thread] INFO me.lucko.luckperms.lib.hikari.HikariDataSource - luckperms-hikari - Start completed.
[14:44:39] [Server thread/INFO]: [LuckPerms] Loading messaging service... [SQL]
[14:44:39] [Server thread/INFO]: [LuckPerms] Loading internal permission managers...
[14:44:39] [Server thread/INFO]: [LuckPerms] Performing initial data load...
[14:44:39] [Server thread/INFO]: [LuckPerms] Successfully enabled. (took 2227ms)
[14:44:39] [Server thread/WARN]: **** SERVER IS RUNNING IN OFFLINE/INSECURE MODE!
[14:44:39] [Server thread/WARN]: The server will make no attempt to authenticate usernames. Beware.
[14:44:39] [Server thread/WARN]: Whilst this makes it possible to use BungeeCord, unless access to your server is properly restricted, it also opens up the ability for hackers to connect with any username they choose.
[14:44:39] [Server thread/WARN]: Please see http://www.spigotmc.org/wiki/firewall-guide/ for further information.
[14:44:39] [Server thread/WARN]: To change this, set "online-mode" to "true" in the server.properties file.
[14:44:39] [Server thread/INFO]: Preparing level "world"
[14:44:39] [Server thread/INFO]: -------- World Settings For [world] --------
[14:44:39] [Server thread/INFO]: Entity Tracking Range: Pl 48 / An 48 / Mo 48 / Mi 32 / Other 64
[14:44:39] [Server thread/INFO]: Allow Zombie Pigmen to spawn from portal blocks: true
[14:44:39] [Server thread/INFO]: Item Despawn Rate: 6000
[14:44:39] [Server thread/INFO]: Item Merge Radius: 2.5
[14:44:39] [Server thread/INFO]: View Distance: 10
[14:44:39] [Server thread/INFO]: Zombie Aggressive Towards Villager: true
[14:44:39] [Server thread/INFO]: Arrow Despawn Rate: 1200 Trident Respawn Rate:1200
[14:44:39] [Server thread/INFO]: Nerfing mobs spawned from spawners: false
[14:44:39] [Server thread/INFO]: Mob Spawn Range: 6
[14:44:39] [Server thread/INFO]: Entity Activation Range: An 32 / Mo 32 / Ra 48 / Mi 16 / Tiv true
[14:44:39] [Server thread/INFO]: Cactus Growth Modifier: 100%
[14:44:39] [Server thread/INFO]: Cane Growth Modifier: 100%
[14:44:39] [Server thread/INFO]: Melon Growth Modifier: 100%
[14:44:39] [Server thread/INFO]: Mushroom Growth Modifier: 100%
[14:44:39] [Server thread/INFO]: Pumpkin Growth Modifier: 100%
[14:44:39] [Server thread/INFO]: Sapling Growth Modifier: 100%
[14:44:39] [Server thread/INFO]: Beetroot Growth Modifier: 100%
[14:44:39] [Server thread/INFO]: Carrot Growth Modifier: 100%
[14:44:39] [Server thread/INFO]: Potato Growth Modifier: 100%
[14:44:39] [Server thread/INFO]: Wheat Growth Modifier: 100%
[14:44:39] [Server thread/INFO]: NetherWart Growth Modifier: 100%
[14:44:39] [Server thread/INFO]: Vine Growth Modifier: 100%
[14:44:39] [Server thread/INFO]: Cocoa Growth Modifier: 100%
[14:44:39] [Server thread/INFO]: Bamboo Growth Modifier: 100%
[14:44:39] [Server thread/INFO]: SweetBerry Growth Modifier: 100%
[14:44:39] [Server thread/INFO]: Kelp Growth Modifier: 100%
[14:44:39] [Server thread/INFO]: Custom Map Seeds:  Village: 10387312 Desert: 14357617 Igloo: 14357618 Jungle: 14357619 Swamp: 14357620 Monument: 10387313 Ocean: 14357621 Shipwreck: 165745295 End City: 10387313 Slime: 987234911 Bastion: 30084232 Fortress: 30084232 Mansion: 10387319 Fossil: 14357921 Portal: 34222645
[14:44:39] [Server thread/INFO]: Experience Merge Radius: 3.0
[14:44:39] [Server thread/INFO]: Hopper Transfer: 8 Hopper Check: 1 Hopper Amount: 1
[14:44:39] [Server thread/INFO]: Max TNT Explosions: 100
[14:44:39] [Server thread/INFO]: Tile Max Tick Time: 50ms Entity max Tick Time: 50ms
[14:44:40] [Server thread/INFO]: -------- World Settings For [world_nether] --------
[14:44:40] [Server thread/INFO]: Entity Tracking Range: Pl 48 / An 48 / Mo 48 / Mi 32 / Other 64
[14:44:40] [Server thread/INFO]: Allow Zombie Pigmen to spawn from portal blocks: true
[14:44:40] [Server thread/INFO]: Item Despawn Rate: 6000
[14:44:40] [Server thread/INFO]: Item Merge Radius: 2.5
[14:44:40] [Server thread/INFO]: View Distance: 10
[14:44:40] [Server thread/INFO]: Zombie Aggressive Towards Villager: true
[14:44:40] [Server thread/INFO]: Arrow Despawn Rate: 1200 Trident Respawn Rate:1200
[14:44:40] [Server thread/INFO]: Nerfing mobs spawned from spawners: false
[14:44:40] [Server thread/INFO]: Mob Spawn Range: 6
[14:44:40] [Server thread/INFO]: Entity Activation Range: An 32 / Mo 32 / Ra 48 / Mi 16 / Tiv true
[14:44:40] [Server thread/INFO]: Cactus Growth Modifier: 100%
[14:44:40] [Server thread/INFO]: Cane Growth Modifier: 100%
[14:44:40] [Server thread/INFO]: Melon Growth Modifier: 100%
[14:44:40] [Server thread/INFO]: Mushroom Growth Modifier: 100%
[14:44:40] [Server thread/INFO]: Pumpkin Growth Modifier: 100%
[14:44:40] [Server thread/INFO]: Sapling Growth Modifier: 100%
[14:44:40] [Server thread/INFO]: Beetroot Growth Modifier: 100%
[14:44:40] [Server thread/INFO]: Carrot Growth Modifier: 100%
[14:44:40] [Server thread/INFO]: Potato Growth Modifier: 100%
[14:44:40] [Server thread/INFO]: Wheat Growth Modifier: 100%
[14:44:40] [Server thread/INFO]: NetherWart Growth Modifier: 100%
[14:44:40] [Server thread/INFO]: Vine Growth Modifier: 100%
[14:44:40] [Server thread/INFO]: Cocoa Growth Modifier: 100%
[14:44:40] [Server thread/INFO]: Bamboo Growth Modifier: 100%
[14:44:40] [Server thread/INFO]: SweetBerry Growth Modifier: 100%
[14:44:40] [Server thread/INFO]: Kelp Growth Modifier: 100%
[14:44:40] [Server thread/INFO]: Custom Map Seeds:  Village: 10387312 Desert: 14357617 Igloo: 14357618 Jungle: 14357619 Swamp: 14357620 Monument: 10387313 Ocean: 14357621 Shipwreck: 165745295 End City: 10387313 Slime: 987234911 Bastion: 30084232 Fortress: 30084232 Mansion: 10387319 Fossil: 14357921 Portal: 34222645
[14:44:40] [Server thread/INFO]: Experience Merge Radius: 3.0
[14:44:40] [Server thread/INFO]: Hopper Transfer: 8 Hopper Check: 1 Hopper Amount: 1
[14:44:40] [Server thread/INFO]: Max TNT Explosions: 100
[14:44:40] [Server thread/INFO]: Tile Max Tick Time: 50ms Entity max Tick Time: 50ms
[14:44:40] [Server thread/INFO]: -------- World Settings For [world_the_end] --------
[14:44:40] [Server thread/INFO]: Entity Tracking Range: Pl 48 / An 48 / Mo 48 / Mi 32 / Other 64
[14:44:40] [Server thread/INFO]: Allow Zombie Pigmen to spawn from portal blocks: true
[14:44:40] [Server thread/INFO]: Item Despawn Rate: 6000
[14:44:40] [Server thread/INFO]: Item Merge Radius: 2.5
[14:44:40] [Server thread/INFO]: View Distance: 10
[14:44:40] [Server thread/INFO]: Zombie Aggressive Towards Villager: true
[14:44:40] [Server thread/INFO]: Arrow Despawn Rate: 1200 Trident Respawn Rate:1200
[14:44:40] [Server thread/INFO]: Nerfing mobs spawned from spawners: false
[14:44:40] [Server thread/INFO]: Mob Spawn Range: 6
[14:44:40] [Server thread/INFO]: Entity Activation Range: An 32 / Mo 32 / Ra 48 / Mi 16 / Tiv true
[14:44:40] [Server thread/INFO]: Cactus Growth Modifier: 100%
[14:44:40] [Server thread/INFO]: Cane Growth Modifier: 100%
[14:44:40] [Server thread/INFO]: Melon Growth Modifier: 100%
[14:44:40] [Server thread/INFO]: Mushroom Growth Modifier: 100%
[14:44:40] [Server thread/INFO]: Pumpkin Growth Modifier: 100%
[14:44:40] [Server thread/INFO]: Sapling Growth Modifier: 100%
[14:44:40] [Server thread/INFO]: Beetroot Growth Modifier: 100%
[14:44:40] [Server thread/INFO]: Carrot Growth Modifier: 100%
[14:44:40] [Server thread/INFO]: Potato Growth Modifier: 100%
[14:44:40] [Server thread/INFO]: Wheat Growth Modifier: 100%
[14:44:40] [Server thread/INFO]: NetherWart Growth Modifier: 100%
[14:44:40] [Server thread/INFO]: Vine Growth Modifier: 100%
[14:44:40] [Server thread/INFO]: Cocoa Growth Modifier: 100%
[14:44:40] [Server thread/INFO]: Bamboo Growth Modifier: 100%
[14:44:40] [Server thread/INFO]: SweetBerry Growth Modifier: 100%
[14:44:40] [Server thread/INFO]: Kelp Growth Modifier: 100%
[14:44:40] [Server thread/INFO]: Custom Map Seeds:  Village: 10387312 Desert: 14357617 Igloo: 14357618 Jungle: 14357619 Swamp: 14357620 Monument: 10387313 Ocean: 14357621 Shipwreck: 165745295 End City: 10387313 Slime: 987234911 Bastion: 30084232 Fortress: 30084232 Mansion: 10387319 Fossil: 14357921 Portal: 34222645
[14:44:40] [Server thread/INFO]: Experience Merge Radius: 3.0
[14:44:40] [Server thread/INFO]: Hopper Transfer: 8 Hopper Check: 1 Hopper Amount: 1
[14:44:40] [Server thread/INFO]: Max TNT Explosions: 100
[14:44:40] [Server thread/INFO]: Tile Max Tick Time: 50ms Entity max Tick Time: 50ms
[14:44:40] [Server thread/INFO]: Preparing start region for dimension minecraft:overworld
[14:44:41] [Server thread/INFO]: Preparing spawn area: 0%
[14:44:41] [Server thread/INFO]: Preparing spawn area: 0%
[14:44:41] [Server thread/INFO]: Preparing spawn area: 0%
[14:44:41] [Server thread/INFO]: Preparing spawn area: 0%
[14:44:41] [Server thread/INFO]: Time elapsed: 1790 ms
[14:44:41] [Server thread/INFO]: Preparing start region for dimension minecraft:the_nether
[14:44:43] [Server thread/INFO]: Preparing spawn area: 0%
[14:44:43] [Server thread/INFO]: Preparing spawn area: 0%
[14:44:43] [Server thread/INFO]: Preparing spawn area: 0%
[14:44:43] [Server thread/INFO]: Preparing spawn area: 0%
[14:44:43] [Worker-Main-16/INFO]: Preparing spawn area: 83%
[14:44:44] [Worker-Main-15/INFO]: Preparing spawn area: 83%
[14:44:44] [Worker-Main-16/INFO]: Preparing spawn area: 83%
[14:44:45] [Worker-Main-16/INFO]: Preparing spawn area: 83%
[14:44:45] [Worker-Main-9/INFO]: Preparing spawn area: 83%
[14:44:46] [Worker-Main-8/INFO]: Preparing spawn area: 85%
[14:44:46] [Worker-Main-13/INFO]: Preparing spawn area: 88%
[14:44:47] [Worker-Main-10/INFO]: Preparing spawn area: 91%
[14:44:48] [Worker-Main-10/INFO]: Preparing spawn area: 94%
[14:44:48] [Worker-Main-15/INFO]: Preparing spawn area: 96%
[14:44:48] [Worker-Main-11/INFO]: Preparing spawn area: 99%
[14:44:48] [Server thread/INFO]: Time elapsed: 7032 ms
[14:44:48] [Server thread/INFO]: Preparing start region for dimension minecraft:the_end
[14:44:49] [Server thread/INFO]: Preparing spawn area: 0%
[14:44:49] [Worker-Main-10/INFO]: Preparing spawn area: 83%
[14:44:49] [Worker-Main-16/INFO]: Preparing spawn area: 83%
[14:44:50] [Server thread/INFO]: Time elapsed: 1446 ms
[14:44:50] [Server thread/INFO]: Server permissions file permissions.yml is empty, ignoring it
[14:44:50] [Server thread/INFO]: Done (10.624s)! For help, type "help"
