[17:39:59] [Server thread/INFO]: Starting minecraft server version 1.12.2
[17:39:59] [Server thread/INFO]: Loading properties
[17:39:59] [Server thread/INFO]: Default game type: SURVIVAL
[17:39:59] [Server thread/INFO]: This server is running CraftBukkit version git-Spigot-dcd1643-e60fc34 (MC: 1.12.2) (Implementing API version 1.12.2-R0.1-SNAPSHOT)
[17:39:59] [Server thread/INFO]: Debug logging is disabled
[17:39:59] [Server thread/INFO]: Using 4 threads for Netty based IO
[17:39:59] [Server thread/INFO]: Server Ping Player Sample Count: 12
[17:39:59] [Server thread/INFO]: Generating keypair
[17:39:59] [Server thread/INFO]: Starting Minecraft server on *:25565
[17:39:59] [Server thread/INFO]: Using default channel type
[17:40:00] [Server thread/INFO]: Set PluginClassLoader as parallel capable
[17:40:00] [Server thread/INFO]: [WorldEdit] Loading WorldEdit v6.1.9;caf0ad9
[17:40:00] [Server thread/INFO]: [PlaceholderAPI] Loading PlaceholderAPI v2.10.9
[17:40:00] [Server thread/INFO]: [ViaVersion] Loading ViaVersion v4.0.0
[17:40:00] [Server thread/INFO]: [ViaVersion] ViaVersion 4.0.0 is now loaded, injecting!
[17:40:00] [Via-Mappingloader-0/INFO]: [ViaVersion] Loading 1.12 -> 1.13 mappings...
[17:40:00] [Via-Mappingloader-1/INFO]: [ViaVersion] Loading 1.13 -> 1.13.2 mappings...
[17:40:00] [Via-Mappingloader-2/INFO]: [ViaVersion] Loading 1.13.2 -> 1.14 mappings...
[17:40:00] [Via-Mappingloader-3/INFO]: [ViaVersion] Loading 1.14 -> 1.15 mappings...
[17:40:00] [Via-Mappingloader-0/INFO]: [ViaVersion] Loading block connection mappings ...
[17:40:00] [Via-Mappingloader-4/INFO]: [ViaVersion] Loading 1.15 -> 1.16 mappings...
[17:40:00] [Via-Mappingloader-1/INFO]: [ViaVersion] Loading 1.16 -> 1.16.2 mappings...
[17:40:00] [Via-Mappingloader-2/INFO]: [ViaVersion] Loading 1.16.2 -> 1.17 mappings...
[17:40:00] [Server thread/INFO]: [NametagEdit] Loading NametagEdit v4.4.10
[17:40:00] [Server thread/INFO]: [HideStream] Loading HideStream v3.10
[17:40:00] [Server thread/INFO]: [CustomSkinsManager] Loading CustomSkinsManager v3.6.3
[17:40:00] [Server thread/INFO]: Loaded library commons-dbcp2-2.8.0.jar
[17:40:00] [Server thread/INFO]: Loaded library h2-1.4.200.jar
[17:40:00] [Server thread/INFO]: [WorldGuard] Loading WorldGuard v6.2.2-SNAPSHOT;8eeab68
[17:40:00] [Server thread/INFO]: [LuckPerms] Loading LuckPerms v5.3.48
[17:40:00] [Server thread/INFO]: [Vault] Loading Vault v1.5.6-b49
[17:40:00] [Server thread/INFO]: [Essentials] Loading Essentials v2.18.2.0
[17:40:00] [Server thread/INFO]: [EssentialsProtect] Loading EssentialsProtect v2.18.2.0
[17:40:00] [Server thread/INFO]: [DeluxeMenus] Loading DeluxeMenus v1.13.3-Release
[17:40:00] [Server thread/INFO]: [EssentialsChat] Loading EssentialsChat v2.18.2.0
[17:40:00] [Server thread/INFO]: [EssentialsGeoIP] Loading EssentialsGeoIP v2.18.2.0
[17:40:00] [Server thread/INFO]: [EssentialsAntiBuild] Loading EssentialsAntiBuild v2.18.2.0
[17:40:00] [Server thread/INFO]: [EssentialsSpawn] Loading EssentialsSpawn v2.18.2.0
[17:40:00] [Server thread/INFO]: [EssentialsXMPP] Loading EssentialsXMPP v2.18.2.0
[17:40:00] [Server thread/INFO]: [LuckPerms] Enabling LuckPerms v5.3.48
[17:40:01] [Server thread/INFO]: [0;36;1m       [0;36;22m __    [m
[17:40:01] [Server thread/INFO]: [0;36;1m  |    [0;36;22m|__)   [0;32;22mLuckPerms[m [0;36;1mv5.3.48[m
[17:40:01] [Server thread/INFO]: [0;36;1m  |___ [0;36;22m|      [0;30;1mRunning on Bukkit - CraftBukkit[m
[17:40:01] [Server thread/INFO]: [m
[17:40:01] [Server thread/INFO]: [LuckPerms] Loading configuration...
[17:40:01] [Server thread/INFO]: [LuckPerms] Loading storage provider... [MYSQL]
[17:40:01] [Server thread/INFO]: luckperms-hikari - Starting...
[17:40:01] [Server thread/INFO]: luckperms-hikari - Start completed.
[17:40:01] [Server thread/INFO]: [LuckPerms] Loading messaging service... [SQL]
[17:40:01] [Server thread/INFO]: [LuckPerms] Loading internal permission managers...
[17:40:01] [Server thread/INFO]: [LuckPerms] Performing initial data load...
[17:40:01] [Server thread/INFO]: [LuckPerms] Successfully enabled. (took 1156ms)
[17:40:01] [Server thread/INFO]: [Vault] Enabling Vault v1.5.6-b49
[17:40:02] [Server thread/INFO]: [Vault] [Economy] Essentials Economy found: Waiting
[17:40:02] [Server thread/INFO]: [Vault] [Permission] SuperPermissions loaded as backup permission system.
[17:40:02] [Server thread/INFO]: [Vault] Enabled Version 1.5.6-b49
[17:40:02] [Server thread/INFO]: [LuckPerms] Registered Vault permission & chat hook.
[17:40:02] [Server thread/WARN]: **** SERVER IS RUNNING IN OFFLINE/INSECURE MODE!
[17:40:02] [Server thread/WARN]: The server will make no attempt to authenticate usernames. Beware.
[17:40:02] [Server thread/WARN]: Whilst this makes it possible to use BungeeCord, unless access to your server is properly restricted, it also opens up the ability for hackers to connect with any username they choose.
[17:40:02] [Server thread/WARN]: Please see http://www.spigotmc.org/wiki/firewall-guide/ for further information.
[17:40:02] [Server thread/WARN]: To change this, set "online-mode" to "true" in the server.properties file.
[17:40:02] [Server thread/INFO]: **** Beginning UUID conversion, this may take A LONG time ****
[17:40:02] [Server thread/INFO]: Preparing level "world"
[17:40:02] [Server thread/INFO]: -------- World Settings For [world] --------
[17:40:02] [Server thread/INFO]: Zombie Aggressive Towards Villager: true
[17:40:02] [Server thread/INFO]: Item Despawn Rate: 6000
[17:40:02] [Server thread/INFO]: Item Merge Radius: 2.5
[17:40:02] [Server thread/INFO]: Experience Merge Radius: 3.0
[17:40:02] [Server thread/INFO]: Allow Zombie Pigmen to spawn from portal blocks: true
[17:40:02] [Server thread/INFO]: Arrow Despawn Rate: 1200
[17:40:02] [Server thread/INFO]: View Distance: 10
[17:40:02] [Server thread/INFO]: Nerfing mobs spawned from spawners: false
[17:40:02] [Server thread/INFO]: Hopper Transfer: 8 Hopper Check: 1 Hopper Amount: 1
[17:40:02] [Server thread/INFO]: Custom Map Seeds:  Village: 10387312 Feature: 14357617 Monument: 10387313 Slime: 987234911
[17:40:02] [Server thread/INFO]: Mob Spawn Range: 4
[17:40:02] [Server thread/INFO]: Tile Max Tick Time: 50ms Entity max Tick Time: 50ms
[17:40:02] [Server thread/INFO]: Max TNT Explosions: 100
[17:40:02] [Server thread/INFO]: Cactus Growth Modifier: 100%
[17:40:02] [Server thread/INFO]: Cane Growth Modifier: 100%
[17:40:02] [Server thread/INFO]: Melon Growth Modifier: 100%
[17:40:02] [Server thread/INFO]: Mushroom Growth Modifier: 100%
[17:40:02] [Server thread/INFO]: Pumpkin Growth Modifier: 100%
[17:40:02] [Server thread/INFO]: Sapling Growth Modifier: 100%
[17:40:02] [Server thread/INFO]: Wheat Growth Modifier: 100%
[17:40:02] [Server thread/INFO]: NetherWart Growth Modifier: 100%
[17:40:02] [Server thread/INFO]: Vine Growth Modifier: 100%
[17:40:02] [Server thread/INFO]: Cocoa Growth Modifier: 100%
[17:40:02] [Server thread/INFO]: Entity Activation Range: An 32 / Mo 32 / Mi 16 / Tiv true
[17:40:02] [Server thread/INFO]: Structure Info Saving: true
[17:40:02] [Server thread/INFO]: Random Lighting Updates: false
[17:40:02] [Server thread/INFO]: Entity Tracking Range: Pl 48 / An 48 / Mo 48 / Mi 32 / Other 64
[17:40:02] [Server thread/INFO]: -------- World Settings For [world_nether] --------
[17:40:02] [Server thread/INFO]: Zombie Aggressive Towards Villager: true
[17:40:02] [Server thread/INFO]: Item Despawn Rate: 6000
[17:40:02] [Server thread/INFO]: Item Merge Radius: 2.5
[17:40:02] [Server thread/INFO]: Experience Merge Radius: 3.0
[17:40:02] [Server thread/INFO]: Allow Zombie Pigmen to spawn from portal blocks: true
[17:40:02] [Server thread/INFO]: Arrow Despawn Rate: 1200
[17:40:02] [Server thread/INFO]: View Distance: 10
[17:40:02] [Server thread/INFO]: Nerfing mobs spawned from spawners: false
[17:40:02] [Server thread/INFO]: Hopper Transfer: 8 Hopper Check: 1 Hopper Amount: 1
[17:40:02] [Server thread/INFO]: Custom Map Seeds:  Village: 10387312 Feature: 14357617 Monument: 10387313 Slime: 987234911
[17:40:02] [Server thread/INFO]: Mob Spawn Range: 4
[17:40:02] [Server thread/INFO]: Tile Max Tick Time: 50ms Entity max Tick Time: 50ms
[17:40:02] [Server thread/INFO]: Max TNT Explosions: 100
[17:40:02] [Server thread/INFO]: Cactus Growth Modifier: 100%
[17:40:02] [Server thread/INFO]: Cane Growth Modifier: 100%
[17:40:02] [Server thread/INFO]: Melon Growth Modifier: 100%
[17:40:02] [Server thread/INFO]: Mushroom Growth Modifier: 100%
[17:40:02] [Server thread/INFO]: Pumpkin Growth Modifier: 100%
[17:40:02] [Server thread/INFO]: Sapling Growth Modifier: 100%
[17:40:02] [Server thread/INFO]: Wheat Growth Modifier: 100%
[17:40:02] [Server thread/INFO]: NetherWart Growth Modifier: 100%
[17:40:02] [Server thread/INFO]: Vine Growth Modifier: 100%
[17:40:02] [Server thread/INFO]: Cocoa Growth Modifier: 100%
[17:40:02] [Server thread/INFO]: Entity Activation Range: An 32 / Mo 32 / Mi 16 / Tiv true
[17:40:02] [Server thread/INFO]: Structure Info Saving: true
[17:40:02] [Server thread/INFO]: Random Lighting Updates: false
[17:40:02] [Server thread/INFO]: Entity Tracking Range: Pl 48 / An 48 / Mo 48 / Mi 32 / Other 64
[17:40:02] [Server thread/INFO]: -------- World Settings For [world_the_end] --------
[17:40:02] [Server thread/INFO]: Zombie Aggressive Towards Villager: true
[17:40:02] [Server thread/INFO]: Item Despawn Rate: 6000
[17:40:02] [Server thread/INFO]: Item Merge Radius: 2.5
[17:40:02] [Server thread/INFO]: Experience Merge Radius: 3.0
[17:40:02] [Server thread/INFO]: Allow Zombie Pigmen to spawn from portal blocks: true
[17:40:02] [Server thread/INFO]: Arrow Despawn Rate: 1200
[17:40:02] [Server thread/INFO]: View Distance: 10
[17:40:02] [Server thread/INFO]: Nerfing mobs spawned from spawners: false
[17:40:02] [Server thread/INFO]: Hopper Transfer: 8 Hopper Check: 1 Hopper Amount: 1
[17:40:02] [Server thread/INFO]: Custom Map Seeds:  Village: 10387312 Feature: 14357617 Monument: 10387313 Slime: 987234911
[17:40:02] [Server thread/INFO]: Mob Spawn Range: 4
[17:40:02] [Server thread/INFO]: Tile Max Tick Time: 50ms Entity max Tick Time: 50ms
[17:40:02] [Server thread/INFO]: Max TNT Explosions: 100
[17:40:02] [Server thread/INFO]: Cactus Growth Modifier: 100%
[17:40:02] [Server thread/INFO]: Cane Growth Modifier: 100%
[17:40:02] [Server thread/INFO]: Melon Growth Modifier: 100%
[17:40:02] [Server thread/INFO]: Mushroom Growth Modifier: 100%
[17:40:02] [Server thread/INFO]: Pumpkin Growth Modifier: 100%
[17:40:02] [Server thread/INFO]: Sapling Growth Modifier: 100%
[17:40:02] [Server thread/INFO]: Wheat Growth Modifier: 100%
[17:40:02] [Server thread/INFO]: NetherWart Growth Modifier: 100%
[17:40:02] [Server thread/INFO]: Vine Growth Modifier: 100%
[17:40:02] [Server thread/INFO]: Cocoa Growth Modifier: 100%
[17:40:02] [Server thread/INFO]: Entity Activation Range: An 32 / Mo 32 / Mi 16 / Tiv true
[17:40:02] [Server thread/INFO]: Structure Info Saving: true
[17:40:02] [Server thread/INFO]: Random Lighting Updates: false
[17:40:02] [Server thread/INFO]: Entity Tracking Range: Pl 48 / An 48 / Mo 48 / Mi 32 / Other 64
[17:40:02] [Server thread/INFO]: Preparing start region for level 0 (Seed: -8362975057896513552)
[17:40:03] [Server thread/INFO]: Preparing start region for level 1 (Seed: 7492851116818884451)
[17:40:04] [Server thread/INFO]: Preparing spawn area: 68%
[17:40:04] [Server thread/INFO]: Preparing start region for level 2 (Seed: 7492851116818884451)
[17:40:04] [Server thread/INFO]: [WorldEdit] Enabling WorldEdit v6.1.9;caf0ad9
[17:40:04] [Server thread/INFO]: WEPIF: Using the Bukkit Permissions API.
[17:40:04] [Server thread/INFO]: [WorldEdit] Using com.sk89q.worldedit.bukkit.adapter.impl.Spigot_v1_12_R2 as the Bukkit adapter
[17:40:04] [Server thread/INFO]: [PlaceholderAPI] Enabling PlaceholderAPI v2.10.9
[17:40:05] [Server thread/INFO]: [PlaceholderAPI] Fetching available expansion information...
[17:40:05] [Server thread/INFO]: [ViaVersion] Enabling ViaVersion v4.0.0
[17:40:05] [Server thread/INFO]: [NametagEdit] Enabling NametagEdit v4.4.10
[17:40:05] [Server thread/INFO]: [NametagEdit] Found LuckPerms! Hooking in.
[17:40:05] [Server thread/INFO]: [HideStream] Enabling HideStream v3.10
[17:40:05] [Server thread/INFO]: [HideStream] Version 3.10 enabled. (Metrics: true. CheckForUpdates: true)
[17:40:05] [Server thread/INFO]: [CustomSkinsManager] Enabling CustomSkinsManager v3.6.3
[17:40:05] [Server thread/INFO]: [CustomSkinsManager] Loaded skin handler for v1_12_R1
[17:40:05] [Server thread/INFO]: [CustomSkinsManager] Loaded holograms handler for v1_12_R1
[17:40:05] [Server thread/INFO]: [CustomSkinsManager] Loaded NPC handler for v1_12_R1
[17:40:05] [Server thread/INFO]: [CustomSkinsManager] Using proxy server as skin manager
[17:40:05] [Server thread/INFO]: [PlaceholderAPI] Successfully registered expansion: csm
[17:40:05] [Server thread/INFO]: [WorldGuard] Enabling WorldGuard v6.2.2-SNAPSHOT;8eeab68
[17:40:05] [Server thread/INFO]: [WorldGuard] (world) TNT ignition is PERMITTED.
[17:40:05] [Server thread/INFO]: [WorldGuard] (world) Lighters are PERMITTED.
[17:40:05] [Server thread/INFO]: [WorldGuard] (world) Lava fire is blocked.
[17:40:05] [Server thread/INFO]: [WorldGuard] (world) Fire spread is UNRESTRICTED.
[17:40:05] [Server thread/INFO]: [WorldGuard] Loaded configuration for world 'world'
[17:40:05] [Server thread/INFO]: [WorldGuard] (world_nether) TNT ignition is PERMITTED.
[17:40:05] [Server thread/INFO]: [WorldGuard] (world_nether) Lighters are PERMITTED.
[17:40:05] [Server thread/INFO]: [WorldGuard] (world_nether) Lava fire is blocked.
[17:40:05] [Server thread/INFO]: [WorldGuard] (world_nether) Fire spread is UNRESTRICTED.
[17:40:05] [Server thread/INFO]: [WorldGuard] Loaded configuration for world 'world_nether'
[17:40:05] [Server thread/INFO]: [WorldGuard] (world_the_end) TNT ignition is PERMITTED.
[17:40:05] [Server thread/INFO]: [WorldGuard] (world_the_end) Lighters are PERMITTED.
[17:40:05] [Server thread/INFO]: [WorldGuard] (world_the_end) Lava fire is blocked.
[17:40:05] [Server thread/INFO]: [WorldGuard] (world_the_end) Fire spread is UNRESTRICTED.
[17:40:05] [Server thread/INFO]: [WorldGuard] Loaded configuration for world 'world_the_end'
[17:40:05] [Server thread/INFO]: [WorldGuard] Loading region data...
[17:40:05] [Server thread/INFO]: [Essentials] Enabling Essentials v2.18.2.0
[17:40:05] [Server thread/INFO]: [Essentials] You are running a server with limited API functionality. EssentialsX will still work, but certain features may be disabled.
[17:40:05] [Server thread/INFO]: Attempting to convert old kits in config.yml to new kits.yml
[17:40:05] [Server thread/INFO]: No kits found to migrate.
[17:40:05] [Server thread/INFO]: Loaded 852 items from items.csv.
[17:40:05] [Server thread/INFO]: Using locale ru_RU
[17:40:05] [Server thread/INFO]: [Essentials] ServerListPingEvent: Spigot iterator API
[17:40:05] [Server thread/INFO]: [Essentials] Starting Metrics. Opt-out using the global bStats config.
[17:40:05] [Server thread/INFO]: [Vault][Economy] Essentials Economy hooked.
[17:40:05] [Server thread/INFO]: [Essentials] Using Vault based permissions (LuckPerms)
[17:40:05] [Server thread/INFO]: [EssentialsProtect] Enabling EssentialsProtect v2.18.2.0
[17:40:05] [Server thread/INFO]: [EssentialsProtect] Continuing to enable Protect.
[17:40:05] [Server thread/INFO]: [EssentialsProtect] Starting Metrics. Opt-out using the global bStats config.
[17:40:05] [Server thread/INFO]: [DeluxeMenus] Enabling DeluxeMenus v1.13.3-Release
[17:40:05] [Server thread/INFO]: [DeluxeMenus] Hooked into PlaceholderAPI!
[17:40:05] [Server thread/WARN]: [DeluxeMenus] Material for item: example in menu: advanced_menu is not a valid material name / id!
[17:40:05] [Server thread/WARN]: [DeluxeMenus] Skipping item: example
[17:40:05] [Server thread/WARN]: [DeluxeMenus] Material for item: examplecd in menu: advanced_menu is not a valid material name / id!
[17:40:05] [Server thread/WARN]: [DeluxeMenus] Skipping item: examplecd
[17:40:05] [Server thread/WARN]: [DeluxeMenus] Material for item: examplenoperm in menu: advanced_menu is not a valid material name / id!
[17:40:05] [Server thread/WARN]: [DeluxeMenus] Skipping item: examplenoperm
[17:40:05] [Server thread/WARN]: [DeluxeMenus] Material for item: filler_item in menu: advanced_menu is not a valid material name / id!
[17:40:05] [Server thread/WARN]: [DeluxeMenus] Skipping item: filler_item
[17:40:05] [Server thread/INFO]: [DeluxeMenus] 3 GUI menus loaded!
[17:40:05] [Server thread/INFO]: [DeluxeMenus] You are running the latest version of DeluxeMenus!
[17:40:05] [Server thread/INFO]: [DeluxeMenus] Successfully hooked into Vault for economy requirement!
[17:40:05] [Server thread/INFO]: [DeluxeMenus] NMS hook has been setup
[17:40:05] [Server thread/INFO]: [PlaceholderAPI] Successfully registered expansion: deluxemenus
[17:40:05] [Server thread/INFO]: [EssentialsChat] Enabling EssentialsChat v2.18.2.0
[17:40:05] [Server thread/INFO]: [EssentialsChat] Starting Metrics. Opt-out using the global bStats config.
[17:40:05] [Server thread/INFO]: [EssentialsGeoIP] Enabling EssentialsGeoIP v2.18.2.0
[17:40:05] [Server thread/ERROR]: Ключ лицензии не найден! Инструкцию по настройке вы можете найти на сайте https://essentialsx.cf/geoip.
[17:40:05] [Server thread/ERROR]: Ошибка при чтении базы данных GeoIP!
java.io.FileNotFoundException: plugins\EssentialsGeoIP\GeoIP2-Country.mmdb (Не удается найти указанный файл)
	at java.io.RandomAccessFile.open0(Native Method) ~[?:1.8.0_291]
	at java.io.RandomAccessFile.open(Unknown Source) ~[?:1.8.0_291]
	at java.io.RandomAccessFile.<init>(Unknown Source) ~[?:1.8.0_291]
	at com.maxmind.db.BufferHolder.<init>(BufferHolder.java:19) ~[essentialsxgeoip-2.19.0.jar:?]
	at com.maxmind.db.Reader.<init>(Reader.java:116) ~[essentialsxgeoip-2.19.0.jar:?]
	at com.maxmind.geoip2.DatabaseReader.<init>(DatabaseReader.java:66) ~[essentialsxgeoip-2.19.0.jar:?]
	at com.maxmind.geoip2.DatabaseReader.<init>(DatabaseReader.java:54) ~[essentialsxgeoip-2.19.0.jar:?]
	at com.maxmind.geoip2.DatabaseReader$Builder.build(DatabaseReader.java:160) ~[essentialsxgeoip-2.19.0.jar:?]
	at com.earth2me.essentials.geoip.EssentialsGeoIPPlayerListener.reloadConfig(EssentialsGeoIPPlayerListener.java:175) [essentialsxgeoip-2.19.0.jar:?]
	at com.earth2me.essentials.geoip.EssentialsGeoIPPlayerListener.<init>(EssentialsGeoIPPlayerListener.java:52) [essentialsxgeoip-2.19.0.jar:?]
	at com.earth2me.essentials.geoip.EssentialsGeoIP.onEnable(EssentialsGeoIP.java:31) [essentialsxgeoip-2.19.0.jar:?]
	at org.bukkit.plugin.java.JavaPlugin.setEnabled(JavaPlugin.java:264) [spigot-1.12.2.jar:git-Spigot-dcd1643-e60fc34]
	at org.bukkit.plugin.java.JavaPluginLoader.enablePlugin(JavaPluginLoader.java:337) [spigot-1.12.2.jar:git-Spigot-dcd1643-e60fc34]
	at org.bukkit.plugin.SimplePluginManager.enablePlugin(SimplePluginManager.java:403) [spigot-1.12.2.jar:git-Spigot-dcd1643-e60fc34]
	at org.bukkit.craftbukkit.v1_12_R1.CraftServer.enablePlugin(CraftServer.java:381) [spigot-1.12.2.jar:git-Spigot-dcd1643-e60fc34]
	at org.bukkit.craftbukkit.v1_12_R1.CraftServer.enablePlugins(CraftServer.java:330) [spigot-1.12.2.jar:git-Spigot-dcd1643-e60fc34]
	at net.minecraft.server.v1_12_R1.MinecraftServer.t(MinecraftServer.java:422) [spigot-1.12.2.jar:git-Spigot-dcd1643-e60fc34]
	at net.minecraft.server.v1_12_R1.MinecraftServer.l(MinecraftServer.java:383) [spigot-1.12.2.jar:git-Spigot-dcd1643-e60fc34]
	at net.minecraft.server.v1_12_R1.MinecraftServer.a(MinecraftServer.java:338) [spigot-1.12.2.jar:git-Spigot-dcd1643-e60fc34]
	at net.minecraft.server.v1_12_R1.DedicatedServer.init(DedicatedServer.java:272) [spigot-1.12.2.jar:git-Spigot-dcd1643-e60fc34]
	at net.minecraft.server.v1_12_R1.MinecraftServer.run(MinecraftServer.java:545) [spigot-1.12.2.jar:git-Spigot-dcd1643-e60fc34]
	at java.lang.Thread.run(Unknown Source) [?:1.8.0_291]
[17:40:05] [Server thread/INFO]: [EssentialsGeoIP] This product includes GeoLite2 data created by MaxMind, available from http://www.maxmind.com/.
[17:40:05] [Server thread/INFO]: [EssentialsGeoIP] Starting Metrics. Opt-out using the global bStats config.
[17:40:05] [Server thread/INFO]: [EssentialsAntiBuild] Enabling EssentialsAntiBuild v2.18.2.0
[17:40:05] [Server thread/INFO]: [EssentialsAntiBuild] Starting Metrics. Opt-out using the global bStats config.
[17:40:05] [Server thread/INFO]: [EssentialsSpawn] Enabling EssentialsSpawn v2.18.2.0
[17:40:05] [Server thread/INFO]: [EssentialsSpawn] Starting Metrics. Opt-out using the global bStats config.
[17:40:05] [Server thread/INFO]: [EssentialsXMPP] Enabling EssentialsXMPP v2.18.2.0
[17:40:05] [Server thread/WARN]: XMPP настроен некорректно. Если вы не знаете, что такое XMPP, вы можете удалить плагин EssentialsXXMPP с вашего сервера.
[17:40:05] [Server thread/INFO]: [EssentialsXMPP] Starting Metrics. Opt-out using the global bStats config.
[17:40:05] [Server thread/INFO]: Server permissions file permissions.yml is empty, ignoring it
[17:40:05] [Server thread/INFO]: Done (3,644s)! For help, type "help" or "?"
[17:40:05] [Server thread/INFO]: [ViaVersion] ViaVersion detected server version: 1.12.2 (340)
[17:40:05] [Server thread/WARN]: [ViaVersion] This version of Minecraft is extremely outdated and support for it has reached its end of life. You will still be able to run Via on this Minecraft version, but we are unlikely to provide any further fixes or help with problems specific to legacy Minecraft versions. Please consider updating to give your players a better experience and to avoid issues that have long been fixed.
[17:40:05] [Server thread/WARN]: [ViaVersion] You are running an outdated Java version, please consider updating it to at least Java 16 (your version is 1.8.0_291). At some point in the future, ViaVersion will no longer be compatible with this version of Java.
[17:40:05] [Craft Scheduler Thread - 4/INFO]: [HideStream] Running updater ..
[17:40:05] [Server thread/INFO]: [PlaceholderAPI] Placeholder expansion registration initializing...
[17:40:05] [Server thread/INFO]: [0;33;22mNo expansions were registered![m
[17:40:05] [Server thread/INFO]: [ViaVersion] Finished mapping loading, shutting down loader executor!
[17:40:05] [Craft Scheduler Thread - 3/INFO]: [Vault] Checking for Updates ... 
[17:40:06] [Craft Scheduler Thread - 4/INFO]: [HideStream] No update was found.
[17:40:06] [Craft Scheduler Thread - 3/WARN]: [Vault] Stable Version: 1.7.3 is out! You are still running version: 1.5.6
[17:40:06] [Craft Scheduler Thread - 3/WARN]: [Vault] Update at: http://dev.bukkit.org/server-mods/vault
[17:40:11] [Server thread/INFO]: /127.0.0.1:52341 lost connection: If you wish to use IP forwarding, please enable it in your BungeeCord config as well!
[17:40:14] [Server thread/INFO]: /127.0.0.1:52342 lost connection: If you wish to use IP forwarding, please enable it in your BungeeCord config as well!
